<?xml version="1.0" encoding="UTF-8"?>
<testng-results ignored="0" total="3" passed="3" failed="0" skipped="0">
  <reporter-output>
  </reporter-output>
  <suite started-at="2021-09-22T17:34:11 IST" name="Default suite" finished-at="2021-09-22T17:34:11 IST" duration-ms="66">
    <groups>
      <group name="SmokeTest">
        <method signature="TC_01_CreateContactTest.createContactTest()[pri:0, instance:com.Contact.TC_01_CreateContactTest@be35cd9]" name="createContactTest" class="com.Contact.TC_01_CreateContactTest"/>
      </group> <!-- SmokeTest -->
      <group name="RegressionTest">
        <method signature="TC_01_CreateContactTest.createContactWithOrgTest()[pri:0, instance:com.Contact.TC_01_CreateContactTest@be35cd9]" name="createContactWithOrgTest" class="com.Contact.TC_01_CreateContactTest"/>
        <method signature="TC_01_CreateContactTest.deleteContactTest()[pri:0, instance:com.Contact.TC_01_CreateContactTest@be35cd9]" name="deleteContactTest" class="com.Contact.TC_01_CreateContactTest"/>
      </group> <!-- RegressionTest -->
    </groups>
    <test started-at="2021-09-22T17:34:11 IST" name="Default test" finished-at="2021-09-22T17:34:11 IST" duration-ms="66">
      <class name="com.Contact.TC_01_CreateContactTest">
        <test-method signature="createContactTest()[pri:0, instance:com.Contact.TC_01_CreateContactTest@be35cd9]" started-at="2021-09-22T17:34:11 IST" name="createContactTest" finished-at="2021-09-22T17:34:11 IST" duration-ms="9" status="PASS">
          <reporter-output>
          </reporter-output>
        </test-method> <!-- createContactTest -->
        <test-method signature="createContactWithOrgTest()[pri:0, instance:com.Contact.TC_01_CreateContactTest@be35cd9]" started-at="2021-09-22T17:34:11 IST" name="createContactWithOrgTest" finished-at="2021-09-22T17:34:11 IST" duration-ms="2" status="PASS">
          <reporter-output>
          </reporter-output>
        </test-method> <!-- createContactWithOrgTest -->
        <test-method signature="deleteContactTest()[pri:0, instance:com.Contact.TC_01_CreateContactTest@be35cd9]" started-at="2021-09-22T17:34:11 IST" name="deleteContactTest" finished-at="2021-09-22T17:34:11 IST" duration-ms="3" status="PASS">
          <reporter-output>
          </reporter-output>
        </test-method> <!-- deleteContactTest -->
      </class> <!-- com.Contact.TC_01_CreateContactTest -->
    </test> <!-- Default test -->
  </suite> <!-- Default suite -->
</testng-results>
