<?xml version="1.0" encoding="UTF-8"?>
<!-- Generated by org.testng.reporters.JUnitXMLReporter -->
<testsuite ignored="0" hostname="WINCTRL-DBGLLAU" failures="0" tests="3" name="Default test" time="0.066" errors="0" timestamp="2021-09-22T17:34:11 IST">
  <testcase classname="com.Contact.TC_01_CreateContactTest" name="createContactTest" time="0.009"/>
  <testcase classname="com.Contact.TC_01_CreateContactTest" name="createContactWithOrgTest" time="0.002"/>
  <testcase classname="com.Contact.TC_01_CreateContactTest" name="deleteContactTest" time="0.003"/>
</testsuite> <!-- Default test -->
